<?xml version="1.0" encoding="UTF-8"?>
<testng-results skipped="0" failed="0" ignored="0" total="1" passed="1">
  <reporter-output>
  </reporter-output>
  <suite name="Default suite" duration-ms="33751" started-at="2019-07-31T16:44:38Z" finished-at="2019-07-31T16:45:12Z">
    <groups>
    </groups>
    <test name="Default test" duration-ms="33751" started-at="2019-07-31T16:44:38Z" finished-at="2019-07-31T16:45:12Z">
      <class name="DiscoveryVideo.DiscoveryVideo.DiscoveryAutomation">
        <test-method status="PASS" signature="BeforeTest()[pri:0, instance:DiscoveryVideo.DiscoveryVideo.DiscoveryAutomation@5b275dab]" name="BeforeTest" is-config="true" duration-ms="17004" started-at="2019-07-31T16:44:38Z" finished-at="2019-07-31T16:44:55Z">
          <reporter-output>
          </reporter-output>
        </test-method> <!-- BeforeTest -->
        <test-method status="PASS" signature="Verify_Video_Addedinto_Favorites()[pri:0, instance:DiscoveryVideo.DiscoveryVideo.DiscoveryAutomation@5b275dab]" name="Verify_Video_Addedinto_Favorites" duration-ms="15415" started-at="2019-07-31T16:44:55Z" finished-at="2019-07-31T16:45:10Z">
          <reporter-output>
          </reporter-output>
        </test-method> <!-- Verify_Video_Addedinto_Favorites -->
        <test-method status="PASS" signature="AfterTest()[pri:0, instance:DiscoveryVideo.DiscoveryVideo.DiscoveryAutomation@5b275dab]" name="AfterTest" is-config="true" duration-ms="1299" started-at="2019-07-31T16:45:10Z" finished-at="2019-07-31T16:45:12Z">
          <reporter-output>
          </reporter-output>
        </test-method> <!-- AfterTest -->
      </class> <!-- DiscoveryVideo.DiscoveryVideo.DiscoveryAutomation -->
    </test> <!-- Default test -->
  </suite> <!-- Default suite -->
</testng-results>
